<?xml version="1.0" encoding="UTF-8"?>
<foxml:digitalObject FEDORA_URI="info:fedora/test:1000005"
  PID="test:1000005" VERSION="1.1"
  xmlns:foxml="info:fedora/fedora-system:def/foxml#"
  xmlns:tv="http://nish.person.org/tv#" xmlns:xsi="http://www.w3.org/2001/XMLSchema-instance">
  <foxml:objectProperties>
    <foxml:property NAME="info:fedora/fedora-system:def/model#state" VALUE="D"/>
    <foxml:property NAME="info:fedora/fedora-system:def/model#label" VALUE="Chuck Versus the Seduction"/>
  </foxml:objectProperties>
  <foxml:datastream CONTROL_GROUP="X"
    FEDORA_URI="info:fedora/test:1000005/RELS-EXT" ID="RELS-EXT"
    STATE="A" VERSIONABLE="true">
    <foxml:datastreamVersion
      FORMAT_URI="info:fedora/fedora-system:FedoraRELSExt-1.0"
      ID="RELS-EXT.0" LABEL="RDF Metadata" MIMETYPE="text/xml">
      <foxml:xmlContent>
        <rdf:RDF
          xmlns:fedora-model="info:fedora/fedora-system:def/model#"
          xmlns:rdf="http://www.w3.org/1999/02/22-rdf-syntax-ns#" xmlns:rel="info:fedora/fedora-system:def/relations-external#">
          <rdf:Description rdf:about="info:fedora/test:1000005">
            <rel:isMemberOf rdf:resource="info:fedora/test:1000001"/>
          </rdf:Description>
        </rdf:RDF>
      </foxml:xmlContent>
    </foxml:datastreamVersion>
  </foxml:datastream>
  <foxml:datastream CONTROL_GROUP="X"
    FEDORA_URI="info:fedora/test:1000005/DC" ID="DC" STATE="A" VERSIONABLE="true">
    <foxml:datastreamVersion
      FORMAT_URI="http://www.openarchives.org/OAI/2.0/oai_dc/" ID="DC.0"
      LABEL="Dublin Core" MIMETYPE="text/xml">
      <foxml:xmlContent>
        <oai_dc:dc xmlns:dc="http://purl.org/dc/elements/1.1/" xmlns:oai_dc="http://www.openarchives.org/OAI/2.0/oai_dc/">
          <dc:identifier>test:1000005</dc:identifier>
          <dc:title>Chuck Versus the Seduction</dc:title>
          <dc:format>video/x-msvideo</dc:format>
          <dc:type>video</dc:type>
          <dc:description>The team finds out the real part for the Intersect has been stolen. The team tracks down a legendary agent, who has had experience dealing with female spies. Chuck must learn the art of seduction.</dc:description>
          <dc:source>http://www.imdb.com/title/tt1185872/</dc:source>
          <dc:subject>divisible-by-three</dc:subject>
        </oai_dc:dc>
      </foxml:xmlContent>
    </foxml:datastreamVersion>
  </foxml:datastream>
  <foxml:datastream CONTROL_GROUP="X"
    FEDORA_URI="info:fedora/test:1000005/TV" ID="TV" STATE="A" VERSIONABLE="true">
    <foxml:datastreamVersion ID="TV.0" LABEL="TV Data" MIMETYPE="text/xml">
      <foxml:xmlContent>
        <episode id="1185872" xmlns="http://nish.person.org/tv#">
          <title>Chuck Versus the Seduction</title>
          <synopsis>The team finds out the real part for the Intersect has been stolen. The team tracks down a legendary agent, who has had experience dealing with female spies. Chuck must learn the art of seduction.</synopsis>
          <season>02</season>
          <episode>02</episode>
          <year>2008</year>
          <aired>6 October 2008</aired>
          <imdbUrl>http://www.imdb.com/title/tt1185872/</imdbUrl>
        </episode>
      </foxml:xmlContent>
    </foxml:datastreamVersion>
  </foxml:datastream>
</foxml:digitalObject>
