<?xml version="1.0" encoding="UTF-8"?>
<foxml:digitalObject FEDORA_URI="info:fedora/test:1000012"
  PID="test:1000012" VERSION="1.1"
  xmlns:foxml="info:fedora/fedora-system:def/foxml#"
  xmlns:tv="http://nish.person.org/tv#" xmlns:xsi="http://www.w3.org/2001/XMLSchema-instance">
  <foxml:objectProperties>
    <foxml:property NAME="info:fedora/fedora-system:def/model#state" VALUE="A"/>
    <foxml:property NAME="info:fedora/fedora-system:def/model#label" VALUE="Finding Freebo"/>
  </foxml:objectProperties>
  <foxml:datastream CONTROL_GROUP="X"
    FEDORA_URI="info:fedora/test:1000012/RELS-EXT" ID="RELS-EXT"
    STATE="A" VERSIONABLE="true">
    <foxml:datastreamVersion
      FORMAT_URI="info:fedora/fedora-system:FedoraRELSExt-1.0"
      ID="RELS-EXT.0" LABEL="RDF Metadata" MIMETYPE="text/xml">
      <foxml:xmlContent>
        <rdf:RDF
          xmlns:fedora-model="info:fedora/fedora-system:def/model#"
          xmlns:rdf="http://www.w3.org/1999/02/22-rdf-syntax-ns#" xmlns:rel="info:fedora/fedora-system:def/relations-external#">
          <rdf:Description rdf:about="info:fedora/test:1000012">
            <rel:isMemberOf rdf:resource="info:fedora/test:1000006"/>
          </rdf:Description>
        </rdf:RDF>
      </foxml:xmlContent>
    </foxml:datastreamVersion>
  </foxml:datastream>
  <foxml:datastream CONTROL_GROUP="X"
    FEDORA_URI="info:fedora/test:1000012/DC" ID="DC" STATE="D" VERSIONABLE="true">
    <foxml:datastreamVersion
      FORMAT_URI="http://www.openarchives.org/OAI/2.0/oai_dc/" ID="DC.0"
      LABEL="Dublin Core" MIMETYPE="text/xml">
      <foxml:xmlContent>
        <oai_dc:dc xmlns:dc="http://purl.org/dc/elements/1.1/" xmlns:oai_dc="http://www.openarchives.org/OAI/2.0/oai_dc/">
          <dc:identifier>test:1000012</dc:identifier>
          <dc:title>Finding Freebo</dc:title>
          <dc:format>video/x-msvideo</dc:format>
          <dc:type>video</dc:type>
          <dc:description>Dexter is desperate to find Freebo, the man he had intended to kill in the first place. He wants to find the man before his sister does or before ADA Miguel Prado, who has revenge on his mind. Debra tries to identify someone she believes is Freebo's latest victim and uses a fellow officer's confidential informant to get information. Prado isn't satisfied with the police investigation and is using telephone records to try and trace the man. Rita's pregnancy in confirmed and she and Dexter have to decide on the next steps. He has visions of producing someone like himself.</dc:description>
          <dc:source>http://www.imdb.com/title/tt1242115/</dc:source>
          <dc:subject>divisible-by-two</dc:subject>
        </oai_dc:dc>
      </foxml:xmlContent>
    </foxml:datastreamVersion>
  </foxml:datastream>
  <foxml:datastream CONTROL_GROUP="X"
    FEDORA_URI="info:fedora/test:1000012/TV" ID="TV" STATE="A" VERSIONABLE="true">
    <foxml:datastreamVersion ID="TV.0" LABEL="TV Data" MIMETYPE="text/xml">
      <foxml:xmlContent>
        <episode id="1242115" xmlns="http://nish.person.org/tv#">
          <title>Finding Freebo</title>
          <synopsis>Dexter is desperate to find Freebo, the man he had intended to kill in the first place. He wants to find the man before his sister does or before ADA Miguel Prado, who has revenge on his mind. Debra tries to identify someone she believes is Freebo's latest victim and uses a fellow officer's confidential informant to get information. Prado isn't satisfied with the police investigation and is using telephone records to try and trace the man. Rita's pregnancy in confirmed and she and Dexter have to decide on the next steps. He has visions of producing someone like himself.</synopsis>
          <season>03</season>
          <episode>02</episode>
          <year>2008</year>
          <aired>5 October 2008</aired>
          <imdbUrl>http://www.imdb.com/title/tt1242115/</imdbUrl>
        </episode>
      </foxml:xmlContent>
    </foxml:datastreamVersion>
  </foxml:datastream>
</foxml:digitalObject>
