<?xml version="1.0" encoding="UTF-8"?>
<foxml:digitalObject FEDORA_URI="info:fedora/test:1000007"
  PID="test:1000007" VERSION="1.1"
  xmlns:foxml="info:fedora/fedora-system:def/foxml#"
  xmlns:tv="http://nish.person.org/tv#" xmlns:xsi="http://www.w3.org/2001/XMLSchema-instance">
  <foxml:objectProperties>
    <foxml:property NAME="info:fedora/fedora-system:def/model#state" VALUE="D"/>
    <foxml:property NAME="info:fedora/fedora-system:def/model#label" VALUE="Dexter"/>
  </foxml:objectProperties>
  <foxml:datastream CONTROL_GROUP="X"
    FEDORA_URI="info:fedora/test:1000007/RELS-EXT" ID="RELS-EXT"
    STATE="A" VERSIONABLE="true">
    <foxml:datastreamVersion
      FORMAT_URI="info:fedora/fedora-system:FedoraRELSExt-1.0"
      ID="RELS-EXT.0" LABEL="RDF Metadata" MIMETYPE="text/xml">
      <foxml:xmlContent>
        <rdf:RDF
          xmlns:fedora-model="info:fedora/fedora-system:def/model#"
          xmlns:rdf="http://www.w3.org/1999/02/22-rdf-syntax-ns#" xmlns:rel="info:fedora/fedora-system:def/relations-external#">
          <rdf:Description rdf:about="info:fedora/test:1000007">
            <rel:isMemberOf rdf:resource="info:fedora/test:1000006"/>
          </rdf:Description>
        </rdf:RDF>
      </foxml:xmlContent>
    </foxml:datastreamVersion>
  </foxml:datastream>
  <foxml:datastream CONTROL_GROUP="X"
    FEDORA_URI="info:fedora/test:1000007/DC" ID="DC" STATE="A" VERSIONABLE="true">
    <foxml:datastreamVersion
      FORMAT_URI="http://www.openarchives.org/OAI/2.0/oai_dc/" ID="DC.0"
      LABEL="Dublin Core" MIMETYPE="text/xml">
      <foxml:xmlContent>
        <oai_dc:dc xmlns:dc="http://purl.org/dc/elements/1.1/" xmlns:oai_dc="http://www.openarchives.org/OAI/2.0/oai_dc/">
          <dc:identifier>test:1000007</dc:identifier>
          <dc:title>Dexter</dc:title>
          <dc:format>video/x-msvideo</dc:format>
          <dc:type>video</dc:type>
          <dc:description>In Miami, the orphan Dexter, raised by detective Harry Morgan who discovers that his foster son has the urge to kill. Harry directs the impulse of the boy to kill bad people, teaching him how to operate without leaving any trace. After the death of Harry, Dexter works in the forensic department of the Miami Police Department, where his step sister, Debra, works in the Vice and Narcotics Unit. During his free nights, Dexter leads a double-life, chasing and killing murderers and collecting samples of their blood, or dating Rita Bennett. After executing a pedophile and a rapist (that have killed their victims), Dexter investigates an intriguing serial-killer that drains the blood and freezes the severed bodies of his victims.&lt;br/&gt;&lt;h5&gt;Next US airings:&lt;/h5&gt;&lt;table border="0" cellpadding="5" cellspacing="0"&gt;&lt;tr class="odd"&gt;&lt;td nowrap="1"&gt;&lt;a href="/tvgrid/2009-05-31/2000#SHOW"&gt;Sun. May 31&lt;/a&gt;</dc:description>
          <dc:source>http://www.imdb.com/title/tt0785280/</dc:source>
        </oai_dc:dc>
      </foxml:xmlContent>
    </foxml:datastreamVersion>
  </foxml:datastream>
  <foxml:datastream CONTROL_GROUP="X"
    FEDORA_URI="info:fedora/test:1000007/TV" ID="TV" STATE="A" VERSIONABLE="true">
    <foxml:datastreamVersion ID="TV.0" LABEL="TV Data" MIMETYPE="text/xml">
      <foxml:xmlContent>
        <episode id="0785280" xmlns="http://nish.person.org/tv#">
          <title>Dexter</title>
          <synopsis>In Miami, the orphan Dexter, raised by detective Harry Morgan who discovers that his foster son has the urge to kill. Harry directs the impulse of the boy to kill bad people, teaching him how to operate without leaving any trace. After the death of Harry, Dexter works in the forensic department of the Miami Police Department, where his step sister, Debra, works in the Vice and Narcotics Unit. During his free nights, Dexter leads a double-life, chasing and killing murderers and collecting samples of their blood, or dating Rita Bennett. After executing a pedophile and a rapist (that have killed their victims), Dexter investigates an intriguing serial-killer that drains the blood and freezes the severed bodies of his victims.&lt;br/&gt;&lt;h5&gt;Next US airings:&lt;/h5&gt;&lt;table border="0" cellpadding="5" cellspacing="0"&gt;&lt;tr class="odd"&gt;&lt;td nowrap="1"&gt;&lt;a href="/tvgrid/2009-05-31/2000#SHOW"&gt;Sun. May 31&lt;/a&gt;</synopsis>
          <season>01</season>
          <episode>01</episode>
          <year>2006</year>
          <aired>1 October 2006</aired>
          <imdbUrl>http://www.imdb.com/title/tt0785280/</imdbUrl>
        </episode>
      </foxml:xmlContent>
    </foxml:datastreamVersion>
  </foxml:datastream>
</foxml:digitalObject>
