<?xml version="1.0" encoding="UTF-8" ?>
<testsuite tests="31" failures="0" name="org.fcrepo.server.storage.lowlevel.akubra.AkubraLowlevelStorageTest" time="0.055" errors="0" skipped="0">
  <properties>
    <property name="java.runtime.name" value="OpenJDK Runtime Environment"/>
    <property name="sun.boot.library.path" value="/usr/lib/jvm/java-8-openjdk-amd64/jre/lib/amd64"/>
    <property name="java.vm.version" value="25.111-b14"/>
    <property name="java.vm.vendor" value="Oracle Corporation"/>
    <property name="maven.multiModuleProjectDirectory" value="/home/hudakr4/git/fcrepo3"/>
    <property name="java.vendor.url" value="http://java.oracle.com/"/>
    <property name="path.separator" value=":"/>
    <property name="guice.disable.misplaced.annotation.check" value="true"/>
    <property name="java.vm.name" value="OpenJDK 64-Bit Server VM"/>
    <property name="file.encoding.pkg" value="sun.io"/>
    <property name="user.country" value="US"/>
    <property name="sun.java.launcher" value="SUN_STANDARD"/>
    <property name="sun.os.patch.level" value="unknown"/>
    <property name="java.vm.specification.name" value="Java Virtual Machine Specification"/>
    <property name="user.dir" value="/home/hudakr4/git/fcrepo3"/>
    <property name="java.runtime.version" value="1.8.0_111-8u111-b14-2ubuntu0.16.10.2-b14"/>
    <property name="java.awt.graphicsenv" value="sun.awt.X11GraphicsEnvironment"/>
    <property name="java.endorsed.dirs" value="/usr/lib/jvm/java-8-openjdk-amd64/jre/lib/endorsed"/>
    <property name="os.arch" value="amd64"/>
    <property name="fedora.port" value="8080"/>
    <property name="java.io.tmpdir" value="/tmp"/>
    <property name="line.separator" value="
"/>
    <property name="java.vm.specification.vendor" value="Oracle Corporation"/>
    <property name="os.name" value="Linux"/>
    <property name="classworlds.conf" value="/usr/share/maven/bin/m2.conf"/>
    <property name="sun.jnu.encoding" value="UTF-8"/>
    <property name="java.library.path" value="/usr/java/packages/lib/amd64:/usr/lib/x86_64-linux-gnu/jni:/lib/x86_64-linux-gnu:/usr/lib/x86_64-linux-gnu:/usr/lib/jni:/lib:/usr/lib"/>
    <property name="java.specification.name" value="Java Platform API Specification"/>
    <property name="java.class.version" value="52.0"/>
    <property name="sun.management.compiler" value="HotSpot 64-Bit Tiered Compilers"/>
    <property name="os.version" value="4.8.0-34-generic"/>
    <property name="user.home" value="/home/hudakr4"/>
    <property name="user.timezone" value="Europe/Vienna"/>
    <property name="java.awt.printerjob" value="sun.print.PSPrinterJob"/>
    <property name="java.specification.version" value="1.8"/>
    <property name="file.encoding" value="UTF-8"/>
    <property name="user.name" value="hudakr4"/>
    <property name="java.class.path" value="/usr/share/maven/boot/plexus-classworlds-2.x.jar"/>
    <property name="fedora.appServerContext" value="fedora"/>
    <property name="java.vm.specification.version" value="1.8"/>
    <property name="sun.arch.data.model" value="64"/>
    <property name="java.home" value="/usr/lib/jvm/java-8-openjdk-amd64/jre"/>
    <property name="sun.java.command" value="org.codehaus.plexus.classworlds.launcher.Launcher install"/>
    <property name="java.specification.vendor" value="Oracle Corporation"/>
    <property name="user.language" value="en"/>
    <property name="awt.toolkit" value="sun.awt.X11.XToolkit"/>
    <property name="java.vm.info" value="mixed mode"/>
    <property name="fedora.hostname" value="localhost"/>
    <property name="java.version" value="1.8.0_111"/>
    <property name="java.ext.dirs" value="/usr/lib/jvm/java-8-openjdk-amd64/jre/lib/ext:/usr/java/packages/lib/ext"/>
    <property name="securerandom.source" value="file:/dev/./urandom"/>
    <property name="sun.boot.class.path" value="/usr/lib/jvm/java-8-openjdk-amd64/jre/lib/resources.jar:/usr/lib/jvm/java-8-openjdk-amd64/jre/lib/rt.jar:/usr/lib/jvm/java-8-openjdk-amd64/jre/lib/sunrsasign.jar:/usr/lib/jvm/java-8-openjdk-amd64/jre/lib/jsse.jar:/usr/lib/jvm/java-8-openjdk-amd64/jre/lib/jce.jar:/usr/lib/jvm/java-8-openjdk-amd64/jre/lib/charsets.jar:/usr/lib/jvm/java-8-openjdk-amd64/jre/lib/jfr.jar:/usr/lib/jvm/java-8-openjdk-amd64/jre/classes"/>
    <property name="java.vendor" value="Oracle Corporation"/>
    <property name="logback.configurationFile" value="/tmp/fedora-logback-minimal6691749487231742973.tmp"/>
    <property name="maven.home" value="/usr/share/maven"/>
    <property name="file.separator" value="/"/>
    <property name="java.vendor.url.bug" value="http://bugreport.sun.com/bugreport/"/>
    <property name="sun.cpu.endian" value="little"/>
    <property name="sun.io.unicode.encoding" value="UnicodeLittle"/>
    <property name="sun.desktop" value="gnome"/>
    <property name="sun.cpu.isalist" value=""/>
  </properties>
  <testcase classname="org.fcrepo.server.storage.lowlevel.akubra.AkubraLowlevelStorageTest" name="testAuditDatastream" time="0.007"/>
  <testcase classname="org.fcrepo.server.storage.lowlevel.akubra.AkubraLowlevelStorageTest" name="testAddExistingDatastream" time="0.003"/>
  <testcase classname="org.fcrepo.server.storage.lowlevel.akubra.AkubraLowlevelStorageTest" name="testAddExistingObject" time="0"/>
  <testcase classname="org.fcrepo.server.storage.lowlevel.akubra.AkubraLowlevelStorageTest" name="testAddNonExistingDatastream" time="0"/>
  <testcase classname="org.fcrepo.server.storage.lowlevel.akubra.AkubraLowlevelStorageTest" name="testAddNonExistingObject" time="0"/>
  <testcase classname="org.fcrepo.server.storage.lowlevel.akubra.AkubraLowlevelStorageTest" name="testAuditObject" time="0"/>
  <testcase classname="org.fcrepo.server.storage.lowlevel.akubra.AkubraLowlevelStorageTest" name="testRebuildDatastream" time="0"/>
  <testcase classname="org.fcrepo.server.storage.lowlevel.akubra.AkubraLowlevelStorageTest" name="testRebuildObject" time="0"/>
  <testcase classname="org.fcrepo.server.storage.lowlevel.akubra.AkubraLowlevelStorageTest" name="testRemoveExistingDatastream" time="0.001"/>
  <testcase classname="org.fcrepo.server.storage.lowlevel.akubra.AkubraLowlevelStorageTest" name="testRemoveExistingObject" time="0.006"/>
  <testcase classname="org.fcrepo.server.storage.lowlevel.akubra.AkubraLowlevelStorageTest" name="testRemoveNonExistingDatastream" time="0"/>
  <testcase classname="org.fcrepo.server.storage.lowlevel.akubra.AkubraLowlevelStorageTest" name="testRemoveNonExistingObject" time="0"/>
  <testcase classname="org.fcrepo.server.storage.lowlevel.akubra.AkubraLowlevelStorageTest" name="testReplaceExistingDatastream" time="0.021"/>
  <testcase classname="org.fcrepo.server.storage.lowlevel.akubra.AkubraLowlevelStorageTest" name="testReplaceExistingDatastreamSafely" time="0.004"/>
  <testcase classname="org.fcrepo.server.storage.lowlevel.akubra.AkubraLowlevelStorageTest" name="testReplaceExistingObject" time="0"/>
  <testcase classname="org.fcrepo.server.storage.lowlevel.akubra.AkubraLowlevelStorageTest" name="testReplaceExistingObjectSafely" time="0"/>
  <testcase classname="org.fcrepo.server.storage.lowlevel.akubra.AkubraLowlevelStorageTest" name="testReplaceNonExistingDatastream" time="0"/>
  <testcase classname="org.fcrepo.server.storage.lowlevel.akubra.AkubraLowlevelStorageTest" name="testReplaceNonExistingDatastreamSafely" time="0.001"/>
  <testcase classname="org.fcrepo.server.storage.lowlevel.akubra.AkubraLowlevelStorageTest" name="testReplaceNonExistingObject" time="0"/>
  <testcase classname="org.fcrepo.server.storage.lowlevel.akubra.AkubraLowlevelStorageTest" name="testReplaceNonExistingObjectSafely" time="0"/>
  <testcase classname="org.fcrepo.server.storage.lowlevel.akubra.AkubraLowlevelStorageTest" name="testRetrieveExistingDatastream" time="0"/>
  <testcase classname="org.fcrepo.server.storage.lowlevel.akubra.AkubraLowlevelStorageTest" name="testRetrieveExistingObject" time="0"/>
  <testcase classname="org.fcrepo.server.storage.lowlevel.akubra.AkubraLowlevelStorageTest" name="testRetrieveNonExistingDatastream" time="0"/>
  <testcase classname="org.fcrepo.server.storage.lowlevel.akubra.AkubraLowlevelStorageTest" name="testRetrieveNonExistingObject" time="0"/>
  <testcase classname="org.fcrepo.server.storage.lowlevel.akubra.AkubraLowlevelStorageTest" name="testListDatastreams" time="0.005"/>
  <testcase classname="org.fcrepo.server.storage.lowlevel.akubra.AkubraLowlevelStorageTest" name="testListObjects" time="0"/>
  <testcase classname="org.fcrepo.server.storage.lowlevel.akubra.AkubraLowlevelStorageTest" name="testGetDatastreamSize" time="0.001"/>
  <testcase classname="org.fcrepo.server.storage.lowlevel.akubra.AkubraLowlevelStorageTest" name="testAddDatastreamWithHints" time="0.006"/>
  <testcase classname="org.fcrepo.server.storage.lowlevel.akubra.AkubraLowlevelStorageTest" name="testReplaceDatastreamWithHints" time="0"/>
  <testcase classname="org.fcrepo.server.storage.lowlevel.akubra.AkubraLowlevelStorageTest" name="testAddObjectWithHints" time="0"/>
  <testcase classname="org.fcrepo.server.storage.lowlevel.akubra.AkubraLowlevelStorageTest" name="testReplaceObjectWithHints" time="0"/>
</testsuite>