<?xml version="1.0" encoding="UTF-8"?>
<foxml:digitalObject FEDORA_URI="info:fedora/test:1000002"
  PID="test:1000002" VERSION="1.1"
  xmlns:foxml="info:fedora/fedora-system:def/foxml#"
  xmlns:tv="http://nish.person.org/tv#" xmlns:xsi="http://www.w3.org/2001/XMLSchema-instance">
  <foxml:objectProperties>
    <foxml:property NAME="info:fedora/fedora-system:def/model#state" VALUE="A"/>
    <foxml:property NAME="info:fedora/fedora-system:def/model#label" VALUE="Pilot"/>
  </foxml:objectProperties>
  <foxml:datastream CONTROL_GROUP="X" ID="RELS-EXT"
    STATE="A" VERSIONABLE="true">
    <foxml:datastreamVersion
      FORMAT_URI="info:fedora/fedora-system:FedoraRELSExt-1.0"
      ID="RELS-EXT.0" LABEL="RDF Metadata" MIMETYPE="text/xml">
      <foxml:xmlContent>
        <rdf:RDF
          xmlns:fedora-model="info:fedora/fedora-system:def/model#"
          xmlns:rdf="http://www.w3.org/1999/02/22-rdf-syntax-ns#" xmlns:rel="info:fedora/fedora-system:def/relations-external#">
          <rdf:Description rdf:about="info:fedora/test:1000002">
            <rel:isPartOf rdf:resource="info:fedora/test:1000001"/>
            <rel:hasCollectionMember rdf:resource="info:fedora/test:1000003"/>
          </rdf:Description>
        </rdf:RDF>
      </foxml:xmlContent>
    </foxml:datastreamVersion>
  </foxml:datastream> 
  <foxml:datastream CONTROL_GROUP="X"
    FEDORA_URI="info:fedora/test:1000002/DC" ID="DC" STATE="A" VERSIONABLE="true">
    <foxml:datastreamVersion
      FORMAT_URI="http://www.openarchives.org/OAI/2.0/oai_dc/" ID="DC.0"
      LABEL="Dublin Core" MIMETYPE="text/xml">
      <foxml:xmlContent>
        <oai_dc:dc xmlns:dc="http://purl.org/dc/elements/1.1/" xmlns:oai_dc="http://www.openarchives.org/OAI/2.0/oai_dc/">
          <dc:identifier>test:1000002</dc:identifier>
          <dc:title>Pilot</dc:title>
          <dc:format>video/x-msvideo</dc:format>
          <dc:type>video</dc:type>
          <dc:description>Chuck is a computer geek who gets a computer full of information zapped into his brain...information that contains secrets that the federal government desperately needs to keep in Chuck's head...and keep Chuck, himself, intact. In the opener Chuck meets a woman who agrees to go on a date with him, but she's one of the government agents who's interested more in his head than his body.</dc:description>
          <dc:source>http://www.imdb.com/title/tt1035912/</dc:source>
        </oai_dc:dc>
      </foxml:xmlContent>
    </foxml:datastreamVersion>
  </foxml:datastream>
  <foxml:datastream CONTROL_GROUP="X"
    FEDORA_URI="info:fedora/test:1000002/TV" ID="TV" STATE="A" VERSIONABLE="true">
    <foxml:datastreamVersion ID="TV.0" LABEL="TV Data" MIMETYPE="text/xml">
      <foxml:xmlContent>
        <episode id="1035912" xmlns="http://nish.person.org/tv#">
          <title>Pilot</title>
          <synopsis>Chuck is a computer geek who gets a computer full of information zapped into his brain...information that contains secrets that the federal government desperately needs to keep in Chuck's head...and keep Chuck, himself, intact. In the opener Chuck meets a woman who agrees to go on a date with him, but she's one of the government agents who's interested more in his head than his body.</synopsis>
          <season>01</season>
          <episode>01</episode>
          <year>2007</year>
          <aired>24 September 2007</aired>
          <imdbUrl>http://www.imdb.com/title/tt1035912/</imdbUrl>
        </episode>
      </foxml:xmlContent>
    </foxml:datastreamVersion>
  </foxml:datastream>
</foxml:digitalObject>
