<?xml version="1.0" encoding="UTF-8"?>
<foxml:digitalObject FEDORA_URI="info:fedora/test:1000004"
  PID="test:1000004" VERSION="1.1"
  xmlns:foxml="info:fedora/fedora-system:def/foxml#"
  xmlns:tv="http://nish.person.org/tv#" xmlns:xsi="http://www.w3.org/2001/XMLSchema-instance">
  <foxml:objectProperties>
    <foxml:property NAME="info:fedora/fedora-system:def/model#state" VALUE="A"/>
    <foxml:property NAME="info:fedora/fedora-system:def/model#label" VALUE="Chuck Versus the First Date"/>
  </foxml:objectProperties>
  <foxml:datastream CONTROL_GROUP="X" ID="RELS-EXT"
    STATE="A" VERSIONABLE="true">
    <foxml:datastreamVersion
      FORMAT_URI="info:fedora/fedora-system:FedoraRELSExt-1.0"
      ID="RELS-EXT.0" LABEL="RDF Metadata" MIMETYPE="text/xml">
      <foxml:xmlContent>
        <rdf:RDF
          xmlns:fedora-model="info:fedora/fedora-system:def/model#"
          xmlns:rdf="http://www.w3.org/1999/02/22-rdf-syntax-ns#" xmlns:rel="info:fedora/fedora-system:def/relations-external#">
          <rdf:Description rdf:about="info:fedora/test:1000004">
            <rel:isMemberOfCollection rdf:resource="info:fedora/test:1000003"/>
          </rdf:Description>
        </rdf:RDF>
      </foxml:xmlContent>
    </foxml:datastreamVersion>
  </foxml:datastream> 
  <foxml:datastream CONTROL_GROUP="X"
    FEDORA_URI="info:fedora/test:1000004/DC" ID="DC" STATE="A" VERSIONABLE="true">
    <foxml:datastreamVersion
      FORMAT_URI="http://www.openarchives.org/OAI/2.0/oai_dc/" ID="DC.0"
      LABEL="Dublin Core" MIMETYPE="text/xml">
      <foxml:xmlContent>
        <oai_dc:dc xmlns:dc="http://purl.org/dc/elements/1.1/" xmlns:oai_dc="http://www.openarchives.org/OAI/2.0/oai_dc/">
          <dc:identifier>test:1000004</dc:identifier>
          <dc:title>Chuck Versus the First Date</dc:title>
          <dc:format>video/x-msvideo</dc:format>
          <dc:type>video</dc:type>
          <dc:description>Team Chuck recovers some equipment. They're told it's the last component for the new Intersect, which will be brought on line. Chuck is relieved at the prospect of returning to a normal life and asks Sarah out. Meanwhile Casey receives orders that cause some inner conflict.</dc:description>
          <dc:source>http://www.imdb.com/title/tt1185867/</dc:source>
        </oai_dc:dc>
      </foxml:xmlContent>
    </foxml:datastreamVersion>
  </foxml:datastream>
  <foxml:datastream CONTROL_GROUP="X"
    FEDORA_URI="info:fedora/test:1000004/TV" ID="TV" STATE="A" VERSIONABLE="true">
    <foxml:datastreamVersion ID="TV.0" LABEL="TV Data" MIMETYPE="text/xml">
      <foxml:xmlContent>
        <episode id="1185867" xmlns="http://nish.person.org/tv#">
          <title>Chuck Versus the First Date</title>
          <synopsis>Team Chuck recovers some equipment. They're told it's the last component for the new Intersect, which will be brought on line. Chuck is relieved at the prospect of returning to a normal life and asks Sarah out. Meanwhile Casey receives orders that cause some inner conflict.</synopsis>
          <season>02</season>
          <episode>01</episode>
          <year>2008</year>
          <aired>29 September 2008</aired>
          <imdbUrl>http://www.imdb.com/title/tt1185867/</imdbUrl>
        </episode>
      </foxml:xmlContent>
    </foxml:datastreamVersion>
  </foxml:datastream>
</foxml:digitalObject>
