<?xml version="1.0" encoding="UTF-8"?>
<foxml:digitalObject FEDORA_URI="info:fedora/test:1000000"
  PID="test:1000000" VERSION="1.1"
  xmlns:foxml="info:fedora/fedora-system:def/foxml#"
  xmlns:tv="http://nish.person.org/tv#" xmlns:xsi="http://www.w3.org/2001/XMLSchema-instance">
  <foxml:objectProperties>
    <foxml:property NAME="info:fedora/fedora-system:def/model#state" VALUE="A"/>
    <foxml:property NAME="info:fedora/fedora-system:def/model#label" VALUE="TV Series"/>
  </foxml:objectProperties>
  <foxml:datastream CONTROL_GROUP="X" ID="DC" STATE="A" VERSIONABLE="true">
    <foxml:datastreamVersion
      FORMAT_URI="http://www.openarchives.org/OAI/2.0/oai_dc/" ID="DC.0"
      LABEL="Dublin Core" MIMETYPE="text/xml">
      <foxml:xmlContent>
        <oai_dc:dc xmlns:dc="http://purl.org/dc/elements/1.1/" xmlns:oai_dc="http://www.openarchives.org/OAI/2.0/oai_dc/">
          <dc:identifier>test:1000000</dc:identifier>
          <dc:title>TV Series</dc:title>
          <dc:format>text/xml</dc:format>
          <dc:type>collection</dc:type>
          <dc:description>Favourite TV Series</dc:description>
        </oai_dc:dc>
      </foxml:xmlContent>
    </foxml:datastreamVersion>
  </foxml:datastream>
  <foxml:datastream CONTROL_GROUP="X" ID="RELS-EXT"
    STATE="A" VERSIONABLE="true">
    <foxml:datastreamVersion
      FORMAT_URI="info:fedora/fedora-system:FedoraRELSExt-1.0"
      ID="RELS-EXT.0" LABEL="RDF Metadata" MIMETYPE="text/xml">
      <foxml:xmlContent>
        <rdf:RDF
          xmlns:fedora-model="info:fedora/fedora-system:def/model#"
          xmlns:rdf="http://www.w3.org/1999/02/22-rdf-syntax-ns#" xmlns:rel="info:fedora/fedora-system:def/relations-external#">
          <rdf:Description rdf:about="info:fedora/test:1000000">
            <rel:hasMember rdf:resource="info:fedora/test:1000001"/>
          </rdf:Description>
        </rdf:RDF>
      </foxml:xmlContent>
    </foxml:datastreamVersion>
  </foxml:datastream>
  
  <foxml:datastream CONTROL_GROUP="X"  ID="TV" STATE="A" VERSIONABLE="true">
    <foxml:datastreamVersion ID="TV.0" LABEL="TV Data" MIMETYPE="text/xml">
      <foxml:xmlContent>
        <series id="0285331" xmlns="http://nish.person.org/tv#">
          <title>TV Series</title>
          <synopsis>TV Series Collection</synopsis>
          <imdbUrl>http://www.imdb.com/</imdbUrl>
        </series>
      </foxml:xmlContent>
    </foxml:datastreamVersion>
  </foxml:datastream>
</foxml:digitalObject>
