<?xml version="1.0" encoding="UTF-8"?>
<Policy
	xmlns="urn:oasis:names:tc:xacml:2.0:policy:schema:os"
	xmlns:xacml-context="urn:oasis:names:tc:xacml:2.0:context:schema:os"
	xmlns:xsi="http://www.w3.org/2001/XMLSchema-instance"
	xsi:schemaLocation="urn:oasis:names:tc:xacml:2.0:policy:schema:os http://docs.oasis-open.org/xacml/2.0/access_control-xacml-2.0-policy-schema-os.xsd
						urn:oasis:names:tc:xacml:2.0:context:schema:os http://docs.oasis-open.org/xacml/2.0/access_control-xacml-2.0-context-schema-os.xsd"
	PolicyId="test-policy-00"
	RuleCombiningAlgId="urn:oasis:names:tc:xacml:1.0:rule-combining-algorithm:permit-overrides">
	<Description>Test policy - deny all access to test object thru full resource-id hierarchy/path</Description>
	<Target>
		<Subjects>
			<Subject>
				<SubjectMatch MatchId="urn:oasis:names:tc:xacml:1.0:function:string-equal">
					<AttributeValue DataType="http://www.w3.org/2001/XMLSchema#string">administrator</AttributeValue>
					<SubjectAttributeDesignator AttributeId="urn:fedora:names:fedora:2.1:subject:role" DataType="http://www.w3.org/2001/XMLSchema#string"/>
				</SubjectMatch>
			</Subject>
		</Subjects>
		<Resources>
			<Resource>
				<!-- match resource using hierarchichal resource-id using full hierarchy, exactly -->
				<ResourceMatch MatchId="urn:oasis:names:tc:xacml:1.0:function:anyURI-equal">
					<AttributeValue DataType="http://www.w3.org/2001/XMLSchema#anyURI">/test:1000000/test:1000001/test:1000002/test:1000003/test:1000004</AttributeValue>
					<ResourceAttributeDesignator AttributeId="urn:oasis:names:tc:xacml:1.0:resource:resource-id" DataType="http://www.w3.org/2001/XMLSchema#anyURI" />
				</ResourceMatch>
			</Resource>
		</Resources>
	</Target>
	<Rule Effect="Deny" RuleId="au:edu:mq:melcoe:ramp:fedora:xacml:2.0:rule:generic-deny" />
</Policy>
