<?xml version="1.0" encoding="UTF-8"?>
<Policy
	xmlns="urn:oasis:names:tc:xacml:2.0:policy:schema:os"
	xmlns:xacml-context="urn:oasis:names:tc:xacml:2.0:context:schema:os"
	xmlns:xsi="http://www.w3.org/2001/XMLSchema-instance"
	xsi:schemaLocation="urn:oasis:names:tc:xacml:2.0:policy:schema:os http://docs.oasis-open.org/xacml/2.0/access_control-xacml-2.0-policy-schema-os.xsd
						urn:oasis:names:tc:xacml:2.0:context:schema:os http://docs.oasis-open.org/xacml/2.0/access_control-xacml-2.0-context-schema-os.xsd"
	PolicyId="test-policy-00"
	RuleCombiningAlgId="urn:oasis:names:tc:xacml:1.0:rule-combining-algorithm:permit-overrides">
  <Description>Test policy - Deny if PID divisible by two or by three (or both) - based on sparql query for subject</Description>
  <Target>
  </Target>
  <Rule Effect="Deny" RuleId="0">
    <Condition>
      <Apply FunctionId="urn:oasis:names:tc:xacml:1.0:function:string-at-least-one-member-of">
        <ResourceAttributeDesignator AttributeId="http://www.example.org/fedora/xacml/attributes/resource#sparql-subject" DataType="http://www.w3.org/2001/XMLSchema#string"/>
        <Apply FunctionId="urn:oasis:names:tc:xacml:1.0:function:string-bag">
          <AttributeValue DataType="http://www.w3.org/2001/XMLSchema#string">divisible-by-two</AttributeValue>
          <AttributeValue DataType="http://www.w3.org/2001/XMLSchema#string">divisible-by-three</AttributeValue>
        </Apply>
      </Apply>
    </Condition>
  </Rule>
</Policy>
