<test>
	<desc>Modified datastream: 123998134</desc>
</test>