<test>
	<desc>This is a test datastream...</desc>
</test>